<?xml version="1.0" encoding="UTF-8"?>
<testng-results ignored="0" total="1" passed="1" failed="0" skipped="0">
  <reporter-output>
  </reporter-output>
  <suite started-at="2025-03-24T23:32:19 IST" name="Suite" finished-at="2025-03-24T23:32:30 IST" duration-ms="10512">
    <groups>
    </groups>
    <test started-at="2025-03-24T23:32:19 IST" name="Test" finished-at="2025-03-24T23:32:30 IST" duration-ms="10512">
      <class name="mavenforjenkins.UITest">
        <test-method is-config="true" signature="setup()[pri:0, instance:mavenforjenkins.UITest@20deea7f]" started-at="2025-03-24T23:32:19 IST" name="setup" finished-at="2025-03-24T23:32:21 IST" duration-ms="1393" status="PASS">
          <reporter-output>
          </reporter-output>
        </test-method> <!-- setup -->
        <test-method signature="verifytitle()[pri:0, instance:mavenforjenkins.UITest@20deea7f]" started-at="2025-03-24T23:32:21 IST" name="verifytitle" finished-at="2025-03-24T23:32:30 IST" duration-ms="8938" status="PASS">
          <reporter-output>
          </reporter-output>
        </test-method> <!-- verifytitle -->
        <test-method is-config="true" signature="teardown()[pri:0, instance:mavenforjenkins.UITest@20deea7f]" started-at="2025-03-24T23:32:30 IST" name="teardown" finished-at="2025-03-24T23:32:30 IST" duration-ms="161" status="PASS">
          <reporter-output>
          </reporter-output>
        </test-method> <!-- teardown -->
      </class> <!-- mavenforjenkins.UITest -->
    </test> <!-- Test -->
  </suite> <!-- Suite -->
</testng-results>
