<?xml version="1.0" encoding="UTF-8"?>
<testng-results ignored="0" total="1" passed="1" failed="0" skipped="0">
  <reporter-output>
  </reporter-output>
  <suite started-at="2025-03-24T23:37:04 IST" name="Default suite" finished-at="2025-03-24T23:37:15 IST" duration-ms="10988">
    <groups>
    </groups>
    <test started-at="2025-03-24T23:37:04 IST" name="Default test" finished-at="2025-03-24T23:37:15 IST" duration-ms="10988">
      <class name="mavenforjenkins.UITest">
        <test-method is-config="true" signature="setup()[pri:0, instance:mavenforjenkins.UITest@6b2ea799]" started-at="2025-03-24T23:37:04 IST" name="setup" finished-at="2025-03-24T23:37:06 IST" duration-ms="1348" status="PASS">
          <reporter-output>
          </reporter-output>
        </test-method> <!-- setup -->
        <test-method signature="verifytitle()[pri:0, instance:mavenforjenkins.UITest@6b2ea799]" started-at="2025-03-24T23:37:06 IST" name="verifytitle" finished-at="2025-03-24T23:37:15 IST" duration-ms="9457" status="PASS">
          <reporter-output>
          </reporter-output>
        </test-method> <!-- verifytitle -->
        <test-method is-config="true" signature="teardown()[pri:0, instance:mavenforjenkins.UITest@6b2ea799]" started-at="2025-03-24T23:37:15 IST" name="teardown" finished-at="2025-03-24T23:37:15 IST" duration-ms="163" status="PASS">
          <reporter-output>
          </reporter-output>
        </test-method> <!-- teardown -->
      </class> <!-- mavenforjenkins.UITest -->
    </test> <!-- Default test -->
  </suite> <!-- Default suite -->
</testng-results>
